[2021-06-11 05:44:31][849] Processing: App\Jobs\SendEmailJob
[2021-06-11 05:44:31][849] Processed:  App\Jobs\SendEmailJob
[2021-06-11 05:44:34][851] Processing: App\Jobs\SendEmailJob
[2021-06-11 05:44:34][851] Processed:  App\Jobs\SendEmailJob
[2021-06-11 05:44:35][852] Processing: App\Jobs\SendEmailJob
[2021-06-11 05:44:35][852] Processed:  App\Jobs\SendEmailJob
[2021-06-11 07:19:40][857] Processing: App\Jobs\SendEmailJob
[2021-06-11 07:19:40][857] Processed:  App\Jobs\SendEmailJob
[2021-06-11 07:19:43][858] Processing: App\Jobs\SendEmailJob
[2021-06-11 07:19:43][858] Processed:  App\Jobs\SendEmailJob
[2021-06-11 07:56:35][860] Processing: App\Jobs\SendEmailJob
[2021-06-11 07:56:35][861] Processing: App\Jobs\SendEmailJob
[2021-06-11 07:56:35][862] Processing: App\Jobs\SendEmailJob
[2021-06-11 07:56:35][863] Processing: App\Jobs\SendEmailJob
[2021-06-11 07:56:35][863] Failed:     App\Jobs\SendEmailJob
[2021-06-11 09:27:57][866] Processing: App\Jobs\SendEmailJob
[2021-06-11 09:27:57][867] Processing: App\Jobs\SendEmailJob
[2021-06-11 09:27:57][866] Processed:  App\Jobs\SendEmailJob
[2021-06-11 09:27:57][867] Processed:  App\Jobs\SendEmailJob
[2021-06-11 09:28:01][868] Processing: App\Jobs\SendEmailJob
[2021-06-11 09:28:01][868] Processed:  App\Jobs\SendEmailJob
[2021-06-11 09:28:01][869] Processing: App\Jobs\SendEmailJob
[2021-06-11 09:28:01][869] Processed:  App\Jobs\SendEmailJob
[2021-06-11 09:29:06][874] Processing: App\Jobs\SendEmailJob
[2021-06-11 09:29:06][875] Processing: App\Jobs\SendEmailJob
[2021-06-11 09:29:06][874] Processed:  App\Jobs\SendEmailJob
[2021-06-11 09:29:06][875] Processed:  App\Jobs\SendEmailJob
[2021-06-11 09:29:38][878] Processing: App\Jobs\SendEmailJob
[2021-06-11 09:29:38][878] Processed:  App\Jobs\SendEmailJob
[2021-06-11 09:29:38][879] Processing: App\Jobs\SendEmailJob
[2021-06-11 09:29:38][879] Processed:  App\Jobs\SendEmailJob
[2021-06-11 09:36:22][882] Processing: App\Jobs\SendEmailJob
[2021-06-11 09:36:22][883] Processing: App\Jobs\SendEmailJob
[2021-06-11 09:36:22][882] Processed:  App\Jobs\SendEmailJob
[2021-06-11 09:36:22][883] Processed:  App\Jobs\SendEmailJob
[2021-06-11 09:44:47][884] Processing: App\Jobs\SendEmailJob
[2021-06-11 09:44:47][885] Processing: App\Jobs\SendEmailJob
[2021-06-11 09:44:47][884] Processed:  App\Jobs\SendEmailJob
[2021-06-11 09:44:47][885] Processed:  App\Jobs\SendEmailJob
[2021-06-11 09:44:52][888] Processing: App\Jobs\SendEmailJob
[2021-06-11 09:44:52][889] Processing: App\Jobs\SendEmailJob
[2021-06-11 09:44:52][888] Processed:  App\Jobs\SendEmailJob
[2021-06-11 09:44:52][889] Processed:  App\Jobs\SendEmailJob
[2021-06-11 09:45:54][891] Processing: App\Jobs\SendEmailJob
[2021-06-11 09:45:54][891] Processed:  App\Jobs\SendEmailJob
[2021-06-11 10:05:10][899] Processing: App\Jobs\SendEmailJob
[2021-06-11 10:05:10][899] Processed:  App\Jobs\SendEmailJob
[2021-06-11 10:21:58][903] Processing: App\Jobs\SendEmailJob
[2021-06-11 10:21:58][903] Processed:  App\Jobs\SendEmailJob
[2021-06-11 11:19:03][905] Processing: App\Jobs\SendEmailJob
[2021-06-11 11:19:03][905] Processed:  App\Jobs\SendEmailJob
[2021-06-11 11:28:39][906] Processing: App\Jobs\SendEmailJob
[2021-06-11 11:28:39][907] Processing: App\Jobs\SendEmailJob
[2021-06-11 11:28:39][906] Processed:  App\Jobs\SendEmailJob
[2021-06-11 11:28:39][907] Processed:  App\Jobs\SendEmailJob
[2021-06-11 11:28:42][908] Processing: App\Jobs\SendEmailJob
[2021-06-11 11:28:42][909] Processing: App\Jobs\SendEmailJob
[2021-06-11 11:28:42][909] Processed:  App\Jobs\SendEmailJob
[2021-06-11 11:28:42][908] Processed:  App\Jobs\SendEmailJob
[2021-06-11 11:29:21][912] Processing: App\Jobs\SendEmailJob
[2021-06-11 11:29:21][913] Processing: App\Jobs\SendEmailJob
[2021-06-11 11:29:21][912] Processed:  App\Jobs\SendEmailJob
[2021-06-11 11:29:21][913] Processed:  App\Jobs\SendEmailJob
[2021-06-11 11:31:17][915] Processing: App\Jobs\SendEmailJob
[2021-06-11 11:31:17][915] Processed:  App\Jobs\SendEmailJob
[2021-06-11 11:31:20][916] Processing: App\Jobs\SendEmailJob
[2021-06-11 11:31:20][916] Processed:  App\Jobs\SendEmailJob
[2021-06-11 11:33:55][920] Processing: App\Jobs\SendEmailJob
[2021-06-11 11:33:55][921] Processing: App\Jobs\SendEmailJob
[2021-06-11 11:33:55][920] Processed:  App\Jobs\SendEmailJob
[2021-06-11 11:33:55][921] Processed:  App\Jobs\SendEmailJob
[2021-06-11 11:34:02][922] Processing: App\Jobs\SendEmailJob
[2021-06-11 11:34:02][922] Processed:  App\Jobs\SendEmailJob
[2021-06-11 11:34:05][924] Processing: App\Jobs\SendEmailJob
[2021-06-11 11:34:05][924] Processed:  App\Jobs\SendEmailJob
[2021-06-11 11:34:44][928] Processing: App\Jobs\SendEmailJob
[2021-06-11 11:34:44][928] Processed:  App\Jobs\SendEmailJob
[2021-06-11 11:34:44][929] Processing: App\Jobs\SendEmailJob
[2021-06-11 11:34:44][929] Processed:  App\Jobs\SendEmailJob
[2021-06-11 11:36:05][935] Processing: App\Jobs\SendEmailJob
[2021-06-11 11:36:05][935] Processed:  App\Jobs\SendEmailJob
[2021-06-11 11:47:58][936] Processing: App\Jobs\SendEmailJob
[2021-06-11 11:47:58][936] Processed:  App\Jobs\SendEmailJob
[2021-06-11 11:52:19][938] Processing: App\Jobs\SendEmailJob
[2021-06-11 11:52:19][939] Processing: App\Jobs\SendEmailJob
[2021-06-11 11:52:19][938] Processed:  App\Jobs\SendEmailJob
[2021-06-11 11:52:19][939] Processed:  App\Jobs\SendEmailJob
[2021-06-11 11:52:22][941] Processing: App\Jobs\SendEmailJob
[2021-06-11 11:52:22][941] Processed:  App\Jobs\SendEmailJob
[2021-06-11 11:52:23][942] Processing: App\Jobs\SendEmailJob
[2021-06-11 11:52:23][942] Processed:  App\Jobs\SendEmailJob
[2021-06-11 11:52:23][943] Processing: App\Jobs\SendEmailJob
[2021-06-11 11:52:23][943] Processed:  App\Jobs\SendEmailJob
[2021-06-11 11:53:09][944] Processing: App\Jobs\SendEmailJob
[2021-06-11 11:53:09][944] Processed:  App\Jobs\SendEmailJob
[2021-06-11 12:48:19][955] Processing: App\Jobs\SendEmailJob
[2021-06-11 12:48:19][955] Processed:  App\Jobs\SendEmailJob
[2021-06-11 12:48:23][957] Processing: App\Jobs\SendEmailJob
[2021-06-11 12:48:23][958] Processing: App\Jobs\SendEmailJob
[2021-06-11 12:48:23][957] Processed:  App\Jobs\SendEmailJob
[2021-06-11 12:48:23][958] Processed:  App\Jobs\SendEmailJob
[2021-06-11 12:53:09][959] Processing: App\Jobs\SendEmailJob
[2021-06-11 12:53:09][959] Processed:  App\Jobs\SendEmailJob
[2021-06-11 12:53:33][961] Processing: App\Jobs\SendEmailJob
[2021-06-11 12:53:33][961] Processed:  App\Jobs\SendEmailJob
[2021-06-11 13:33:38][962] Processing: App\Jobs\SendEmailJob
[2021-06-11 13:33:38][962] Processed:  App\Jobs\SendEmailJob
[2021-06-11 14:16:42][963] Processing: App\Jobs\SendEmailJob
[2021-06-11 14:16:42][963] Processed:  App\Jobs\SendEmailJob
[2021-06-11 15:22:20][964] Processing: App\Jobs\SendEmailJob
[2021-06-11 15:22:20][964] Processed:  App\Jobs\SendEmailJob
[2021-06-11 15:48:35][967] Processing: App\Jobs\SendEmailJob
[2021-06-11 15:48:35][967] Processed:  App\Jobs\SendEmailJob
[2021-06-11 15:49:37][968] Processing: App\Jobs\SendEmailJob
[2021-06-11 15:49:37][968] Processed:  App\Jobs\SendEmailJob
[2021-06-11 15:54:46][969] Processing: App\Jobs\SendEmailJob
[2021-06-11 15:54:46][969] Processed:  App\Jobs\SendEmailJob
[2021-06-11 15:58:34][970] Processing: App\Jobs\SendEmailJob
[2021-06-11 15:58:34][970] Processed:  App\Jobs\SendEmailJob
[2021-06-11 16:09:36][971] Processing: App\Jobs\SendEmailJob
[2021-06-11 16:09:36][971] Processed:  App\Jobs\SendEmailJob
[2021-06-16 05:36:20][1004] Processing: App\Jobs\SendEmailJob
[2021-06-16 05:36:20][1005] Processing: App\Jobs\SendEmailJob
[2021-06-16 05:36:20][1006] Processing: App\Jobs\SendEmailJob
[2021-06-16 05:36:20][1007] Processing: App\Jobs\SendEmailJob
[2021-06-16 05:36:20][1007] Failed:     App\Jobs\SendEmailJob
[2021-06-16 06:41:53][1008] Processing: App\Jobs\SendEmailJob
[2021-06-16 06:41:55][1008] Processed:  App\Jobs\SendEmailJob
[2021-06-16 07:24:43][1009] Processing: App\Jobs\SendEmailJob
[2021-06-16 07:24:43][1010] Processing: App\Jobs\SendEmailJob
[2021-06-16 07:24:43][1011] Processing: App\Jobs\SendEmailJob
[2021-06-16 07:24:43][1012] Processing: App\Jobs\SendEmailJob
[2021-06-16 07:24:43][1012] Failed:     App\Jobs\SendEmailJob
[2021-06-16 13:25:24][1013] Processing: App\Jobs\SendEmailJob
[2021-06-16 13:25:27][1013] Processed:  App\Jobs\SendEmailJob
[2021-06-16 13:27:45][1014] Processing: App\Jobs\SendEmailJob
[2021-06-16 13:27:47][1014] Processed:  App\Jobs\SendEmailJob
[2021-06-16 13:30:14][1015] Processing: App\Jobs\SendEmailJob
[2021-06-16 13:30:16][1015] Processed:  App\Jobs\SendEmailJob
[2021-06-16 14:33:20][1018] Processing: App\Jobs\SendEmailJob
[2021-06-16 14:33:22][1018] Processed:  App\Jobs\SendEmailJob
[2021-06-16 14:37:02][1019] Processing: App\Jobs\SendEmailJob
[2021-06-16 14:37:04][1019] Processed:  App\Jobs\SendEmailJob
[2021-06-16 18:55:24][1037] Processing: App\Jobs\SendEmailJob
[2021-06-16 18:55:24][1038] Processing: App\Jobs\SendEmailJob
[2021-06-16 18:55:24][1039] Processing: App\Jobs\SendEmailJob
[2021-06-16 18:55:24][1040] Processing: App\Jobs\SendEmailJob
[2021-06-16 18:55:24][1040] Failed:     App\Jobs\SendEmailJob
[2021-06-17 07:44:38][1057] Processing: App\Jobs\SendEmailJob
[2021-06-17 07:44:38][1058] Processing: App\Jobs\SendEmailJob
[2021-06-17 07:44:38][1059] Processing: App\Jobs\SendEmailJob
[2021-06-17 07:44:38][1060] Processing: App\Jobs\SendEmailJob
[2021-06-17 07:44:38][1060] Failed:     App\Jobs\SendEmailJob
[2021-06-17 12:54:08][1069] Processing: App\Jobs\SendEmailJob
[2021-06-17 12:54:08][1070] Processing: App\Jobs\SendEmailJob
[2021-06-17 12:54:08][1071] Processing: App\Jobs\SendEmailJob
[2021-06-17 12:54:08][1072] Processing: App\Jobs\SendEmailJob
[2021-06-17 12:54:08][1072] Failed:     App\Jobs\SendEmailJob
[2021-06-18 08:30:27][1105] Processing: App\Jobs\SendEmailJob
[2021-06-18 08:30:27][1106] Processing: App\Jobs\SendEmailJob
[2021-06-18 08:30:27][1107] Processing: App\Jobs\SendEmailJob
[2021-06-18 08:30:27][1108] Processing: App\Jobs\SendEmailJob
[2021-06-18 08:30:27][1108] Failed:     App\Jobs\SendEmailJob
[2021-06-18 11:59:41][1113] Processing: App\Jobs\SendEmailJob
[2021-06-18 11:59:43][1113] Processed:  App\Jobs\SendEmailJob
[2021-06-18 12:08:07][1114] Processing: App\Jobs\SendEmailJob
[2021-06-18 12:08:07][1115] Processing: App\Jobs\SendEmailJob
[2021-06-18 12:08:07][1116] Processing: App\Jobs\SendEmailJob
[2021-06-18 12:08:07][1117] Processing: App\Jobs\SendEmailJob
[2021-06-18 12:08:07][1117] Failed:     App\Jobs\SendEmailJob
[2021-06-19 08:31:38][1126] Processing: App\Jobs\SendEmailJob
[2021-06-19 08:31:38][1127] Processing: App\Jobs\SendEmailJob
[2021-06-19 08:31:38][1128] Processing: App\Jobs\SendEmailJob
[2021-06-19 08:31:38][1129] Processing: App\Jobs\SendEmailJob
[2021-06-19 08:31:38][1129] Failed:     App\Jobs\SendEmailJob
[2021-06-19 11:47:22][1130] Processing: App\Jobs\SendEmailJob
[2021-06-19 11:47:22][1131] Processing: App\Jobs\SendEmailJob
[2021-06-19 11:47:22][1132] Processing: App\Jobs\SendEmailJob
[2021-06-19 11:47:22][1133] Processing: App\Jobs\SendEmailJob
[2021-06-19 11:47:22][1133] Failed:     App\Jobs\SendEmailJob
[2021-06-19 12:13:20][1134] Processing: App\Jobs\SendEmailJob
[2021-06-19 12:13:20][1135] Processing: App\Jobs\SendEmailJob
[2021-06-19 12:13:20][1136] Processing: App\Jobs\SendEmailJob
[2021-06-19 12:13:20][1137] Processing: App\Jobs\SendEmailJob
[2021-06-19 12:13:20][1137] Failed:     App\Jobs\SendEmailJob
[2021-06-21 06:45:00][1142] Processing: App\Jobs\SendEmailJob
[2021-06-21 06:45:00][1143] Processing: App\Jobs\SendEmailJob
[2021-06-21 06:45:00][1144] Processing: App\Jobs\SendEmailJob
[2021-06-21 06:45:00][1145] Processing: App\Jobs\SendEmailJob
[2021-06-21 06:45:00][1145] Failed:     App\Jobs\SendEmailJob
[2021-06-21 14:03:58][1158] Processing: App\Jobs\SendEmailJob
[2021-06-21 14:04:00][1158] Processed:  App\Jobs\SendEmailJob
[2021-06-21 14:10:51][1160] Processing: App\Jobs\SendEmailJob
[2021-06-21 14:10:52][1160] Processed:  App\Jobs\SendEmailJob
[2021-06-21 14:13:25][1161] Processing: App\Jobs\SendEmailJob
[2021-06-21 14:13:27][1161] Processed:  App\Jobs\SendEmailJob
[2021-06-21 14:18:57][1162] Processing: App\Jobs\SendEmailJob
[2021-06-21 14:18:58][1162] Processed:  App\Jobs\SendEmailJob
[2021-06-21 14:21:32][1167] Processing: App\Jobs\SendEmailJob
[2021-06-21 14:21:33][1167] Processed:  App\Jobs\SendEmailJob
[2021-06-21 14:23:42][1168] Processing: App\Jobs\SendEmailJob
[2021-06-21 14:23:44][1168] Processed:  App\Jobs\SendEmailJob
[2021-06-21 14:26:03][1169] Processing: App\Jobs\SendEmailJob
[2021-06-21 14:26:05][1169] Processed:  App\Jobs\SendEmailJob
[2021-06-21 15:39:24][1171] Processing: App\Jobs\SendEmailJob
[2021-06-21 15:39:26][1171] Processed:  App\Jobs\SendEmailJob
[2021-06-21 15:39:44][1172] Processing: App\Jobs\SendEmailJob
[2021-06-21 15:39:45][1172] Processed:  App\Jobs\SendEmailJob
[2021-06-21 16:36:26][1176] Processing: App\Jobs\SendEmailJob
[2021-06-21 16:36:28][1176] Processed:  App\Jobs\SendEmailJob
[2021-06-21 16:37:36][1177] Processing: App\Jobs\SendEmailJob
[2021-06-21 16:37:38][1177] Processed:  App\Jobs\SendEmailJob
[2021-06-21 16:44:41][1178] Processing: App\Jobs\SendEmailJob
[2021-06-21 16:44:43][1178] Processed:  App\Jobs\SendEmailJob
[2021-06-23 06:47:13][1183] Processing: App\Jobs\SendEmailJob
[2021-06-23 06:47:15][1183] Processed:  App\Jobs\SendEmailJob
[2021-06-23 09:04:54][1191] Processing: App\Jobs\SendEmailJob
[2021-06-23 09:04:54][1192] Processing: App\Jobs\SendEmailJob
[2021-06-23 09:04:54][1193] Processing: App\Jobs\SendEmailJob
[2021-06-23 09:04:54][1194] Processing: App\Jobs\SendEmailJob
[2021-06-23 09:04:54][1194] Failed:     App\Jobs\SendEmailJob
[2021-06-23 09:13:32][1198] Processing: App\Jobs\SendEmailJob
[2021-06-23 09:13:34][1198] Processed:  App\Jobs\SendEmailJob
[2021-06-23 09:16:02][1199] Processing: App\Jobs\SendEmailJob
[2021-06-23 09:16:04][1199] Processed:  App\Jobs\SendEmailJob
[2021-06-23 09:44:38][1201] Processing: App\Jobs\SendEmailJob
[2021-06-23 09:44:39][1201] Processed:  App\Jobs\SendEmailJob
[2021-06-23 09:57:24][1203] Processing: App\Jobs\SendEmailJob
[2021-06-23 09:57:25][1203] Processed:  App\Jobs\SendEmailJob
[2021-06-23 09:59:13][1204] Processing: App\Jobs\SendEmailJob
[2021-06-23 09:59:14][1204] Processed:  App\Jobs\SendEmailJob
[2021-06-23 11:00:19][1207] Processing: App\Jobs\SendEmailJob
[2021-06-23 11:00:21][1207] Processed:  App\Jobs\SendEmailJob
[2021-06-23 11:03:56][1208] Processing: App\Jobs\SendEmailJob
[2021-06-23 11:03:58][1208] Processed:  App\Jobs\SendEmailJob
[2021-06-23 11:53:21][1211] Processing: App\Jobs\SendEmailJob
[2021-06-23 11:53:22][1211] Processed:  App\Jobs\SendEmailJob
[2021-06-24 09:26:10][1218] Processing: App\Jobs\SendEmailJob
[2021-06-24 09:26:10][1219] Processing: App\Jobs\SendEmailJob
[2021-06-24 09:26:10][1220] Processing: App\Jobs\SendEmailJob
[2021-06-24 09:26:10][1221] Processing: App\Jobs\SendEmailJob
[2021-06-24 09:26:10][1221] Failed:     App\Jobs\SendEmailJob
[2021-06-24 12:27:48][1226] Processing: App\Jobs\SendEmailJob
[2021-06-24 12:27:50][1226] Processed:  App\Jobs\SendEmailJob
[2021-06-24 12:27:59][1227] Processing: App\Jobs\SendEmailJob
[2021-06-24 12:28:00][1227] Processed:  App\Jobs\SendEmailJob
[2021-06-24 12:29:58][1228] Processing: App\Jobs\SendEmailJob
[2021-06-24 12:30:00][1228] Processed:  App\Jobs\SendEmailJob
[2021-06-24 12:42:51][1230] Processing: App\Jobs\SendEmailJob
[2021-06-24 12:42:52][1230] Processed:  App\Jobs\SendEmailJob
[2021-06-24 12:43:02][1231] Processing: App\Jobs\SendEmailJob
[2021-06-24 12:43:03][1231] Processed:  App\Jobs\SendEmailJob
[2021-06-24 13:10:03][1232] Processing: App\Jobs\SendEmailJob
[2021-06-24 13:10:05][1232] Processed:  App\Jobs\SendEmailJob
[2021-06-24 13:10:40][1233] Processing: App\Jobs\SendEmailJob
[2021-06-24 13:10:42][1233] Processed:  App\Jobs\SendEmailJob
[2021-06-24 13:48:41][1237] Processing: App\Jobs\SendEmailJob
[2021-06-24 13:48:43][1237] Processed:  App\Jobs\SendEmailJob
[2021-06-24 13:49:16][1238] Processing: App\Jobs\SendEmailJob
[2021-06-24 13:49:17][1238] Processed:  App\Jobs\SendEmailJob
[2021-06-24 13:56:10][1242] Processing: App\Jobs\SendEmailJob
[2021-06-24 13:56:12][1242] Processed:  App\Jobs\SendEmailJob
[2021-06-24 13:59:36][1243] Processing: App\Jobs\SendEmailJob
[2021-06-24 13:59:37][1243] Processed:  App\Jobs\SendEmailJob
[2021-06-24 14:01:17][1244] Processing: App\Jobs\SendEmailJob
[2021-06-24 14:01:18][1244] Processed:  App\Jobs\SendEmailJob
[2021-06-25 11:08:57][1249] Processing: App\Jobs\SendEmailJob
[2021-06-25 11:08:57][1250] Processing: App\Jobs\SendEmailJob
[2021-06-25 11:08:57][1251] Processing: App\Jobs\SendEmailJob
[2021-06-25 11:08:57][1252] Processing: App\Jobs\SendEmailJob
[2021-06-25 11:08:57][1252] Failed:     App\Jobs\SendEmailJob
[2021-06-25 13:57:24][1253] Processing: App\Jobs\SendEmailJob
[2021-06-25 13:57:24][1254] Processing: App\Jobs\SendEmailJob
[2021-06-25 13:57:24][1255] Processing: App\Jobs\SendEmailJob
[2021-06-25 13:57:24][1256] Processing: App\Jobs\SendEmailJob
[2021-06-25 13:57:24][1256] Failed:     App\Jobs\SendEmailJob
[2021-06-27 07:57:03][1257] Processing: App\Jobs\PatientImport
[2021-06-27 07:57:38][1257] Processed:  App\Jobs\PatientImport
[2021-06-27 07:57:38][1258] Processing: App\Jobs\SendEmailJob
[2021-06-27 07:57:40][1258] Processed:  App\Jobs\SendEmailJob
[2021-06-27 09:13:34][1259] Processing: App\Jobs\PatientImportSheet
[2021-06-27 09:13:34][1259] Processed:  App\Jobs\PatientImportSheet
[2021-06-27 09:19:25][1260] Processing: App\Jobs\PatientImportSheet
[2021-06-27 09:19:26][1260] Processed:  App\Jobs\PatientImportSheet
[2021-06-27 10:25:11][1268] Processing: App\Jobs\SendEmailJob
[2021-06-27 10:25:12][1268] Processed:  App\Jobs\SendEmailJob
[2021-06-28 05:49:50][1284] Processing: App\Jobs\SendEmailJob
[2021-06-28 05:49:52][1284] Processed:  App\Jobs\SendEmailJob
[2021-06-28 05:58:42][1285] Processing: App\Jobs\SendEmailJob
[2021-06-28 05:58:44][1285] Processed:  App\Jobs\SendEmailJob
[2021-06-28 10:58:40][1286] Processing: App\Jobs\SendEmailJob
[2021-06-28 10:58:40][1287] Processing: App\Jobs\SendEmailJob
[2021-06-28 10:58:40][1288] Processing: App\Jobs\SendEmailJob
[2021-06-28 10:58:40][1289] Processing: App\Jobs\SendEmailJob
[2021-06-28 10:58:40][1289] Failed:     App\Jobs\SendEmailJob
[2021-06-28 11:56:26][1290] Processing: App\Jobs\SendEmailJob
[2021-06-28 11:56:28][1290] Processed:  App\Jobs\SendEmailJob
[2021-06-28 12:28:24][1291] Processing: App\Jobs\SendEmailJob
[2021-06-28 12:28:26][1291] Processed:  App\Jobs\SendEmailJob
[2021-06-28 12:46:47][1294] Processing: App\Jobs\SendEmailJob
[2021-06-28 12:46:49][1294] Processed:  App\Jobs\SendEmailJob
